[debug] [2024-04-20T20:17:37.927Z] ----------------------------------------------------------------------
[debug] [2024-04-20T20:17:37.931Z] Command:       C:\Program Files\nodejs\node.exe C:\Users\Bianca\AppData\Roaming\npm\node_modules\firebase-tools\lib\bin\firebase.js init
[debug] [2024-04-20T20:17:37.932Z] CLI Version:   13.7.3
[debug] [2024-04-20T20:17:37.932Z] Platform:      win32
[debug] [2024-04-20T20:17:37.932Z] Node Version:  v21.7.2
[debug] [2024-04-20T20:17:37.932Z] Time:          Sat Apr 20 2024 16:17:37 GMT-0400 (Eastern Daylight Saving Time)
[debug] [2024-04-20T20:17:37.933Z] ----------------------------------------------------------------------
[debug] 
[debug] [2024-04-20T20:17:37.945Z] > command requires scopes: ["email","openid","https://www.googleapis.com/auth/cloudplatformprojects.readonly","https://www.googleapis.com/auth/firebase","https://www.googleapis.com/auth/cloud-platform"]
[debug] [2024-04-20T20:17:37.945Z] > authorizing via signed-in user (biancascoro@gmail.com)
[info] 
     ######## #### ########  ######## ########     ###     ######  ########
     ##        ##  ##     ## ##       ##     ##  ##   ##  ##       ##
     ######    ##  ########  ######   ########  #########  ######  ######
     ##        ##  ##    ##  ##       ##     ## ##     ##       ## ##
     ##       #### ##     ## ######## ########  ##     ##  ######  ########

You're about to initialize a Firebase project in this directory:

  C:\Users\Bianca\Desktop\firebase-tutorial-react

[debug] [2024-04-20T20:18:23.352Z] ----------------------------------------------------------------------
[debug] [2024-04-20T20:18:23.355Z] Command:       C:\Program Files\nodejs\node.exe C:\Users\Bianca\AppData\Roaming\npm\node_modules\firebase-tools\lib\bin\firebase.js init
[debug] [2024-04-20T20:18:23.355Z] CLI Version:   13.7.3
[debug] [2024-04-20T20:18:23.356Z] Platform:      win32
[debug] [2024-04-20T20:18:23.356Z] Node Version:  v21.7.2
[debug] [2024-04-20T20:18:23.356Z] Time:          Sat Apr 20 2024 16:18:23 GMT-0400 (Eastern Daylight Saving Time)
[debug] [2024-04-20T20:18:23.356Z] ----------------------------------------------------------------------
[debug] 
[debug] [2024-04-20T20:18:23.372Z] > command requires scopes: ["email","openid","https://www.googleapis.com/auth/cloudplatformprojects.readonly","https://www.googleapis.com/auth/firebase","https://www.googleapis.com/auth/cloud-platform"]
[debug] [2024-04-20T20:18:23.373Z] > authorizing via signed-in user (biancascoro@gmail.com)
[info] 
     ######## #### ########  ######## ########     ###     ######  ########
     ##        ##  ##     ## ##       ##     ##  ##   ##  ##       ##
     ######    ##  ########  ######   ########  #########  ######  ######
     ##        ##  ##    ##  ##       ##     ## ##     ##       ## ##
     ##       #### ##     ## ######## ########  ##     ##  ######  ########

You're about to initialize a Firebase project in this directory:

  C:\Users\Bianca\Desktop\firebase-tutorial-react

[info] 
=== Project Setup
[info] 
[info] First, let's associate this project directory with a Firebase project.
[info] You can create multiple project aliases by running firebase use --add, 
[info] but for now we'll just set up a default project.
[info] 
[debug] [2024-04-20T20:19:27.400Z] >>> [apiv2][query] GET https://firebase.googleapis.com/v1beta1/projects pageSize=100
[debug] [2024-04-20T20:19:27.814Z] <<< [apiv2][status] GET https://firebase.googleapis.com/v1beta1/projects 200
[debug] [2024-04-20T20:19:27.814Z] <<< [apiv2][body] GET https://firebase.googleapis.com/v1beta1/projects [omitted]
[info] i  Using project fir-course-bf113 (firebase-course) 
[info] 
=== Hosting Setup
[debug] [2024-04-20T20:20:28.204Z] >>> [apiv2][query] GET https://firebase.googleapis.com/v1beta1/projects/fir-course-bf113 [none]
[debug] [2024-04-20T20:20:28.547Z] <<< [apiv2][status] GET https://firebase.googleapis.com/v1beta1/projects/fir-course-bf113 200
[debug] [2024-04-20T20:20:28.547Z] <<< [apiv2][body] GET https://firebase.googleapis.com/v1beta1/projects/fir-course-bf113 {"projectId":"fir-course-bf113","projectNumber":"536170540365","displayName":"firebase-course","name":"projects/fir-course-bf113","resources":{"hostingSite":"fir-course-bf113","storageBucket":"fir-course-bf113.appspot.com","locationId":"us-central"},"state":"ACTIVE","etag":"1_9461d855-48d5-4e15-be82-c5ac2d374478"}
[info] 
[info] Your public directory is the folder (relative to your project directory) that
[info] will contain Hosting assets to be uploaded with firebase deploy. If you
[info] have a build process for your assets, use your build's output directory.
[info] 
[info] +  Wrote public/404.html 
[debug] [2024-04-20T20:22:09.773Z] >>> [apiv2][query] GET https://www.gstatic.com/firebasejs/releases.json [none]
[debug] [2024-04-20T20:22:09.867Z] <<< [apiv2][status] GET https://www.gstatic.com/firebasejs/releases.json 200
[debug] [2024-04-20T20:22:09.868Z] <<< [apiv2][body] GET https://www.gstatic.com/firebasejs/releases.json {"current":{"version":"10.11.0","browserURL":"https://www.gstatic.com/firebasejs/10.11.0/firebase.js","packageURL":"https://www.gstatic.com/firebasejs/10.11.0/firebase.tgz"},"live":{"version":"10.11","browserURL":"https://www.gstatic.com/firebasejs/live/10.11/firebase.js","packageURL":"https://www.gstatic.com/firebasejs/live/10.11/firebase.tgz"},"components":{"analytics":"https://www.gstatic.com/firebasejs/10.11.0/firebase-analytics.js","app":"https://www.gstatic.com/firebasejs/10.11.0/firebase-app.js","app-check":"https://www.gstatic.com/firebasejs/10.11.0/firebase-app-check.js","auth":"https://www.gstatic.com/firebasejs/10.11.0/firebase-auth.js","auth/cordova":"https://www.gstatic.com/firebasejs/10.11.0/firebase-auth/cordova.js","auth/web-extension":"https://www.gstatic.com/firebasejs/10.11.0/firebase-auth/web-extension.js","functions":"https://www.gstatic.com/firebasejs/10.11.0/firebase-functions.js","firestore":"https://www.gstatic.com/firebasejs/10.11.0/firebase-firestore.js","firestore/lite":"https://www.gstatic.com/firebasejs/10.11.0/firebase-firestore/lite.js","installations":"https://www.gstatic.com/firebasejs/10.11.0/firebase-installations.js","storage":"https://www.gstatic.com/firebasejs/10.11.0/firebase-storage.js","performance":"https://www.gstatic.com/firebasejs/10.11.0/firebase-performance.js","remote-config":"https://www.gstatic.com/firebasejs/10.11.0/firebase-remote-config.js","messaging":"https://www.gstatic.com/firebasejs/10.11.0/firebase-messaging.js","messaging/sw":"https://www.gstatic.com/firebasejs/10.11.0/firebase-messaging/sw.js","database":"https://www.gstatic.com/firebasejs/10.11.0/firebase-database.js","firestore.memory":"https://www.gstatic.com/firebasejs/10.11.0/firebase-firestore.memory.js"}}
[info] i  Skipping write of public/index.html 
[info] 
[info] i  Didn't detect a .git folder. Assuming C:\Users\Bianca\Desktop\firebase-tutorial-react is the project root. 
[info] i  Authorizing with GitHub to upload your service account to a GitHub repository's secrets store. 
[info] 
[info] Visit this URL on this device to log in:
[info] https://github.com/login/oauth/authorize?client_id=89cf50f02ac6aaed3484&state=889861679&redirect_uri=http%3A%2F%2Flocalhost%3A9006&scope=read%3Auser%20repo%20public_repo
[info] 
[info] Waiting for authentication...
[debug] [2024-04-20T20:22:59.693Z] >>> [apiv2][query] POST https://github.com/login/oauth/access_token [none]
[debug] [2024-04-20T20:22:59.694Z] >>> [apiv2][body] POST https://github.com/login/oauth/access_token [stream]
[debug] [2024-04-20T20:22:59.925Z] <<< [apiv2][status] POST https://github.com/login/oauth/access_token 200
[debug] [2024-04-20T20:22:59.925Z] <<< [apiv2][body] POST https://github.com/login/oauth/access_token {"access_token":"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","token_type":"bearer","scope":"read:user,repo"}
[debug] [2024-04-20T20:22:59.935Z] >>> [apiv2][query] GET https://api.github.com/user [none]
[debug] [2024-04-20T20:23:00.204Z] <<< [apiv2][status] GET https://api.github.com/user 200
[debug] [2024-04-20T20:23:00.204Z] <<< [apiv2][body] GET https://api.github.com/user {"login":"BiancaScoro","id":120531347,"node_id":"U_kgDOBy8pkw","avatar_url":"https://avatars.githubusercontent.com/u/120531347?v=4","gravatar_id":"","url":"https://api.github.com/users/BiancaScoro","html_url":"https://github.com/BiancaScoro","followers_url":"https://api.github.com/users/BiancaScoro/followers","following_url":"https://api.github.com/users/BiancaScoro/following{/other_user}","gists_url":"https://api.github.com/users/BiancaScoro/gists{/gist_id}","starred_url":"https://api.github.com/users/BiancaScoro/starred{/owner}{/repo}","subscriptions_url":"https://api.github.com/users/BiancaScoro/subscriptions","organizations_url":"https://api.github.com/users/BiancaScoro/orgs","repos_url":"https://api.github.com/users/BiancaScoro/repos","events_url":"https://api.github.com/users/BiancaScoro/events{/privacy}","received_events_url":"https://api.github.com/users/BiancaScoro/received_events","type":"User","site_admin":false,"name":null,"company":null,"blog":"","location":null,"email":null,"hireable":null,"bio":"Front End Developer","twitter_username":null,"public_repos":38,"public_gists":0,"followers":1,"following":1,"created_at":"2022-12-14T00:12:06Z","updated_at":"2024-04-12T16:45:31Z","private_gists":0,"total_private_repos":0,"owned_private_repos":0,"disk_usage":52624,"collaborators":0,"two_factor_authentication":false,"plan":{"name":"free","space":976562499,"collaborators":0,"private_repos":10000}}
[info] 
[info] +  Success! Logged into GitHub as BiancaScoro 
[info] 
